This is pdfTeX, Version 3.141592653-2.6-1.40.24 (TeX Live 2022) (preloaded format=pdflatex 2023.3.9)  31 MAY 2023 13:10
entering extended mode
 restricted \write18 enabled.
 %&-line parsing enabled.
**01_Exploracion.tex
(./01_Exploracion.tex
LaTeX2e <2022-11-01> patch level 1
L3 programming layer <2023-02-22> (/home/camila/.TinyTeX/texmf-dist/tex/latex/base/article.cls
Document Class: article 2022/07/02 v1.4n Standard LaTeX document class
(/home/camila/.TinyTeX/texmf-dist/tex/latex/base/size10.clo
File: size10.clo 2022/07/02 v1.4n Standard LaTeX file (size option)
)
\c@part=\count185
\c@section=\count186
\c@subsection=\count187
\c@subsubsection=\count188
\c@paragraph=\count189
\c@subparagraph=\count190
\c@figure=\count191
\c@table=\count192
\abovecaptionskip=\skip48
\belowcaptionskip=\skip49
\bibindent=\dimen140
) (/home/camila/.TinyTeX/texmf-dist/tex/latex/amsmath/amsmath.sty
Package: amsmath 2022/04/08 v2.17n AMS math features
\@mathmargin=\skip50
For additional information on amsmath, use the `?' option.
(/home/camila/.TinyTeX/texmf-dist/tex/latex/amsmath/amstext.sty
Package: amstext 2021/08/26 v2.01 AMS text
(/home/camila/.TinyTeX/texmf-dist/tex/latex/amsmath/amsgen.sty
File: amsgen.sty 1999/11/30 v2.0 generic functions
\@emptytoks=\toks16
\ex@=\dimen141
)) (/home/camila/.TinyTeX/texmf-dist/tex/latex/amsmath/amsbsy.sty
Package: amsbsy 1999/11/29 v1.2d Bold Symbols
\pmbraise@=\dimen142
) (/home/camila/.TinyTeX/texmf-dist/tex/latex/amsmath/amsopn.sty
Package: amsopn 2022/04/08 v2.04 operator names
)
\inf@bad=\count193
LaTeX Info: Redefining \frac on input line 234.
\uproot@=\count194
\leftroot@=\count195
LaTeX Info: Redefining \overline on input line 399.
LaTeX Info: Redefining \colon on input line 410.
\classnum@=\count196
\DOTSCASE@=\count197
LaTeX Info: Redefining \ldots on input line 496.
LaTeX Info: Redefining \dots on input line 499.
LaTeX Info: Redefining \cdots on input line 620.
\Mathstrutbox@=\box51
\strutbox@=\box52
LaTeX Info: Redefining \big on input line 722.
LaTeX Info: Redefining \Big on input line 723.
LaTeX Info: Redefining \bigg on input line 724.
LaTeX Info: Redefining \Bigg on input line 725.
\big@size=\dimen143
LaTeX Font Info:    Redeclaring font encoding OML on input line 743.
LaTeX Font Info:    Redeclaring font encoding OMS on input line 744.
\macc@depth=\count198
LaTeX Info: Redefining \bmod on input line 905.
LaTeX Info: Redefining \pmod on input line 910.
LaTeX Info: Redefining \smash on input line 940.
LaTeX Info: Redefining \relbar on input line 970.
LaTeX Info: Redefining \Relbar on input line 971.
\c@MaxMatrixCols=\count199
\dotsspace@=\muskip16
\c@parentequation=\count266
\dspbrk@lvl=\count267
\tag@help=\toks17
\row@=\count268
\column@=\count269
\maxfields@=\count270
\andhelp@=\toks18
\eqnshift@=\dimen144
\alignsep@=\dimen145
\tagshift@=\dimen146
\tagwidth@=\dimen147
\totwidth@=\dimen148
\lineht@=\dimen149
\@envbody=\toks19
\multlinegap=\skip51
\multlinetaggap=\skip52
\mathdisplay@stack=\toks20
LaTeX Info: Redefining \[ on input line 2953.
LaTeX Info: Redefining \] on input line 2954.
) (/home/camila/.TinyTeX/texmf-dist/tex/latex/amsfonts/amssymb.sty
Package: amssymb 2013/01/14 v3.01 AMS font symbols
(/home/camila/.TinyTeX/texmf-dist/tex/latex/amsfonts/amsfonts.sty
Package: amsfonts 2013/01/14 v3.01 Basic AMSFonts support
\symAMSa=\mathgroup4
\symAMSb=\mathgroup5
LaTeX Font Info:    Redeclaring math symbol \hbar on input line 98.
LaTeX Font Info:    Overwriting math alphabet `\mathfrak' in version `bold'
(Font)                  U/euf/m/n --> U/euf/b/n on input line 106.
)) (/home/camila/.TinyTeX/texmf-dist/tex/latex/lm/lmodern.sty
Package: lmodern 2015/05/01 v1.6.1 Latin Modern Fonts
LaTeX Font Info:    Overwriting symbol font `operators' in version `normal'
(Font)                  OT1/cmr/m/n --> OT1/lmr/m/n on input line 22.
LaTeX Font Info:    Overwriting symbol font `letters' in version `normal'
(Font)                  OML/cmm/m/it --> OML/lmm/m/it on input line 23.
LaTeX Font Info:    Overwriting symbol font `symbols' in version `normal'
(Font)                  OMS/cmsy/m/n --> OMS/lmsy/m/n on input line 24.
LaTeX Font Info:    Overwriting symbol font `largesymbols' in version `normal'
(Font)                  OMX/cmex/m/n --> OMX/lmex/m/n on input line 25.
LaTeX Font Info:    Overwriting symbol font `operators' in version `bold'
(Font)                  OT1/cmr/bx/n --> OT1/lmr/bx/n on input line 26.
LaTeX Font Info:    Overwriting symbol font `letters' in version `bold'
(Font)                  OML/cmm/b/it --> OML/lmm/b/it on input line 27.
LaTeX Font Info:    Overwriting symbol font `symbols' in version `bold'
(Font)                  OMS/cmsy/b/n --> OMS/lmsy/b/n on input line 28.
LaTeX Font Info:    Overwriting symbol font `largesymbols' in version `bold'
(Font)                  OMX/cmex/m/n --> OMX/lmex/m/n on input line 29.
LaTeX Font Info:    Overwriting math alphabet `\mathbf' in version `normal'
(Font)                  OT1/cmr/bx/n --> OT1/lmr/bx/n on input line 31.
LaTeX Font Info:    Overwriting math alphabet `\mathsf' in version `normal'
(Font)                  OT1/cmss/m/n --> OT1/lmss/m/n on input line 32.
LaTeX Font Info:    Overwriting math alphabet `\mathit' in version `normal'
(Font)                  OT1/cmr/m/it --> OT1/lmr/m/it on input line 33.
LaTeX Font Info:    Overwriting math alphabet `\mathtt' in version `normal'
(Font)                  OT1/cmtt/m/n --> OT1/lmtt/m/n on input line 34.
LaTeX Font Info:    Overwriting math alphabet `\mathbf' in version `bold'
(Font)                  OT1/cmr/bx/n --> OT1/lmr/bx/n on input line 35.
LaTeX Font Info:    Overwriting math alphabet `\mathsf' in version `bold'
(Font)                  OT1/cmss/bx/n --> OT1/lmss/bx/n on input line 36.
LaTeX Font Info:    Overwriting math alphabet `\mathit' in version `bold'
(Font)                  OT1/cmr/bx/it --> OT1/lmr/bx/it on input line 37.
LaTeX Font Info:    Overwriting math alphabet `\mathtt' in version `bold'
(Font)                  OT1/cmtt/m/n --> OT1/lmtt/m/n on input line 38.
) (/home/camila/.TinyTeX/texmf-dist/tex/generic/iftex/iftex.sty
Package: iftex 2022/02/03 v1.0f TeX engine tests
) (/home/camila/.TinyTeX/texmf-dist/tex/latex/base/fontenc.sty
Package: fontenc 2021/04/29 v2.0v Standard LaTeX package
LaTeX Font Info:    Trying to load font information for T1+lmr on input line 112.
(/home/camila/.TinyTeX/texmf-dist/tex/latex/lm/t1lmr.fd
File: t1lmr.fd 2015/05/01 v1.6.1 Font defs for Latin Modern
)) (/home/camila/.TinyTeX/texmf-dist/tex/latex/base/inputenc.sty
Package: inputenc 2021/02/14 v1.3d Input encoding file
\inpenc@prehook=\toks21
\inpenc@posthook=\toks22
) (/home/camila/.TinyTeX/texmf-dist/tex/latex/base/textcomp.sty
Package: textcomp 2020/02/02 v2.0n Standard LaTeX package
) (/home/camila/.TinyTeX/texmf-dist/tex/latex/xcolor/xcolor.sty
Package: xcolor 2022/06/12 v2.14 LaTeX color extensions (UK)
(/home/camila/.TinyTeX/texmf-dist/tex/latex/graphics-cfg/color.cfg
File: color.cfg 2016/01/02 v1.6 sample color configuration
)
Package xcolor Info: Driver file: pdftex.def on input line 227.
(/home/camila/.TinyTeX/texmf-dist/tex/latex/graphics-def/pdftex.def
File: pdftex.def 2022/09/22 v1.2b Graphics/color driver for pdftex
) (/home/camila/.TinyTeX/texmf-dist/tex/latex/graphics/mathcolor.ltx)
Package xcolor Info: Model `cmy' substituted by `cmy0' on input line 1353.
Package xcolor Info: Model `hsb' substituted by `rgb' on input line 1357.
Package xcolor Info: Model `RGB' extended on input line 1369.
Package xcolor Info: Model `HTML' substituted by `rgb' on input line 1371.
Package xcolor Info: Model `Hsb' substituted by `hsb' on input line 1372.
Package xcolor Info: Model `tHsb' substituted by `hsb' on input line 1373.
Package xcolor Info: Model `HSB' substituted by `hsb' on input line 1374.
Package xcolor Info: Model `Gray' substituted by `gray' on input line 1375.
Package xcolor Info: Model `wave' substituted by `hsb' on input line 1376.
) (/home/camila/.TinyTeX/texmf-dist/tex/latex/geometry/geometry.sty
Package: geometry 2020/01/02 v5.9 Page Geometry
(/home/camila/.TinyTeX/texmf-dist/tex/latex/graphics/keyval.sty
Package: keyval 2022/05/29 v1.15 key=value parser (DPC)
\KV@toks@=\toks23
) (/home/camila/.TinyTeX/texmf-dist/tex/generic/iftex/ifvtex.sty
Package: ifvtex 2019/10/25 v1.7 ifvtex legacy package. Use iftex instead.
)
\Gm@cnth=\count271
\Gm@cntv=\count272
\c@Gm@tempcnt=\count273
\Gm@bindingoffset=\dimen150
\Gm@wd@mp=\dimen151
\Gm@odd@mp=\dimen152
\Gm@even@mp=\dimen153
\Gm@layoutwidth=\dimen154
\Gm@layoutheight=\dimen155
\Gm@layouthoffset=\dimen156
\Gm@layoutvoffset=\dimen157
\Gm@dimlist=\toks24
) (/home/camila/.TinyTeX/texmf-dist/tex/latex/fancyvrb/fancyvrb.sty
Package: fancyvrb 2023/01/19 4.5a verbatim text (tvz,hv)
\FV@CodeLineNo=\count274
\FV@InFile=\read2
\FV@TabBox=\box53
\c@FancyVerbLine=\count275
\FV@StepNumber=\count276
\FV@OutFile=\write3
) (/home/camila/.TinyTeX/texmf-dist/tex/latex/framed/framed.sty
Package: framed 2011/10/22 v 0.96: framed or shaded text with page breaks
\OuterFrameSep=\skip53
\fb@frw=\dimen158
\fb@frh=\dimen159
\FrameRule=\dimen160
\FrameSep=\dimen161
) (/home/camila/.TinyTeX/texmf-dist/tex/latex/graphics/graphicx.sty
Package: graphicx 2021/09/16 v1.2d Enhanced LaTeX Graphics (DPC,SPQR)
(/home/camila/.TinyTeX/texmf-dist/tex/latex/graphics/graphics.sty
Package: graphics 2022/03/10 v1.4e Standard LaTeX Graphics (DPC,SPQR)
(/home/camila/.TinyTeX/texmf-dist/tex/latex/graphics/trig.sty
Package: trig 2021/08/11 v1.11 sin cos tan (DPC)
) (/home/camila/.TinyTeX/texmf-dist/tex/latex/graphics-cfg/graphics.cfg
File: graphics.cfg 2016/06/04 v1.11 sample graphics configuration
)
Package graphics Info: Driver file: pdftex.def on input line 107.
)
\Gin@req@height=\dimen162
\Gin@req@width=\dimen163
) (/home/camila/.TinyTeX/texmf-dist/tex/latex/booktabs/booktabs.sty
Package: booktabs 2020/01/12 v1.61803398 Publication quality tables
\heavyrulewidth=\dimen164
\lightrulewidth=\dimen165
\cmidrulewidth=\dimen166
\belowrulesep=\dimen167
\belowbottomsep=\dimen168
\aboverulesep=\dimen169
\abovetopsep=\dimen170
\cmidrulesep=\dimen171
\cmidrulekern=\dimen172
\defaultaddspace=\dimen173
\@cmidla=\count277
\@cmidlb=\count278
\@aboverulesep=\dimen174
\@belowrulesep=\dimen175
\@thisruleclass=\count279
\@lastruleclass=\count280
\@thisrulewidth=\dimen176
) (/home/camila/.TinyTeX/texmf-dist/tex/latex/tools/longtable.sty
Package: longtable 2021-09-01 v4.17 Multi-page Table package (DPC)
\LTleft=\skip54
\LTright=\skip55
\LTpre=\skip56
\LTpost=\skip57
\LTchunksize=\count281
\LTcapwidth=\dimen177
\LT@head=\box54
\LT@firsthead=\box55
\LT@foot=\box56
\LT@lastfoot=\box57
\LT@gbox=\box58
\LT@cols=\count282
\LT@rows=\count283
\c@LT@tables=\count284
\c@LT@chunks=\count285
\LT@p@ftn=\toks25
) (/home/camila/.TinyTeX/texmf-dist/tex/latex/tools/array.sty
Package: array 2022/09/04 v2.5g Tabular extension package (FMi)
\col@sep=\dimen178
\ar@mcellbox=\box59
\extrarowheight=\dimen179
\NC@list=\toks26
\extratabsurround=\skip58
\backup@length=\skip59
\ar@cellbox=\box60
) (/home/camila/.TinyTeX/texmf-dist/tex/latex/multirow/multirow.sty
Package: multirow 2021/03/15 v2.8 Span multiple rows of a table
\multirow@colwidth=\skip60
\multirow@cntb=\count286
\multirow@dima=\skip61
\bigstrutjot=\dimen180
) (/home/camila/.TinyTeX/texmf-dist/tex/latex/wrapfig/wrapfig.sty
\wrapoverhang=\dimen181
\WF@size=\dimen182
\c@WF@wrappedlines=\count287
\WF@box=\box61
\WF@everypar=\toks27
Package: wrapfig 2003/01/31  v 3.6
) (/home/camila/.TinyTeX/texmf-dist/tex/latex/float/float.sty
Package: float 2001/11/08 v1.3d Float enhancements (AL)
\c@float@type=\count288
\float@exts=\toks28
\float@box=\box62
\@float@everytoks=\toks29
\@floatcapt=\box63
) (/home/camila/.TinyTeX/texmf-dist/tex/latex/colortbl/colortbl.sty
Package: colortbl 2022/06/20 v1.0f Color table columns (DPC)
\everycr=\toks30
\minrowclearance=\skip62
\rownum=\count289
) (/home/camila/.TinyTeX/texmf-dist/tex/latex/pdflscape/pdflscape.sty
Package: pdflscape 2022-10-27 v0.13 Display of landscape pages in PDF
(/home/camila/.TinyTeX/texmf-dist/tex/latex/pdflscape/pdflscape-nometadata.sty
Package: pdflscape-nometadata 2022-10-28 v0.13 Display of landscape pages in PDF (HO)
(/home/camila/.TinyTeX/texmf-dist/tex/latex/graphics/lscape.sty
Package: lscape 2020/05/28 v3.02 Landscape Pages (DPC)
)
Package pdflscape Info: Auto-detected driver: pdftex on input line 81.
)) (/home/camila/.TinyTeX/texmf-dist/tex/latex/tabu/tabu.sty
Package: tabu 2019/01/11 v2.9 - flexible LaTeX tabulars (FC+tabu-fixed)
(/home/camila/.TinyTeX/texmf-dist/tex/latex/varwidth/varwidth.sty
Package: varwidth 2009/03/30 ver 0.92;  Variable-width minipages
\@vwid@box=\box64
\sift@deathcycles=\count290
\@vwid@loff=\dimen183
\@vwid@roff=\dimen184
)
\c@taburow=\count291
\tabu@nbcols=\count292
\tabu@cnt=\count293
\tabu@Xcol=\count294
\tabu@alloc=\count295
\tabu@nested=\count296
\tabu@target=\dimen185
\tabu@spreadtarget=\dimen186
\tabu@naturalX=\dimen187
\tabucolX=\dimen188
\tabu@Xsum=\dimen189
\extrarowdepth=\dimen190
\abovetabulinesep=\dimen191
\belowtabulinesep=\dimen192
\tabustrutrule=\dimen193
\tabu@thebody=\toks31
\tabu@footnotes=\toks32
\tabu@box=\box65
\tabu@arstrutbox=\box66
\tabu@hleads=\box67
\tabu@vleads=\box68
\tabu@cellskip=\skip63
) (/home/camila/.TinyTeX/texmf-dist/tex/latex/threeparttable/threeparttable.sty
Package: threeparttable 2003/06/13  v 3.0
\@tempboxb=\box69
) (/home/camila/.TinyTeX/texmf-dist/tex/latex/threeparttablex/threeparttablex.sty
Package: threeparttablex 2013/07/23 v0.3 by daleif
(/home/camila/.TinyTeX/texmf-dist/tex/latex/environ/environ.sty
Package: environ 2014/05/04 v0.3 A new way to define environments
(/home/camila/.TinyTeX/texmf-dist/tex/latex/trimspaces/trimspaces.sty
Package: trimspaces 2009/09/17 v1.1 Trim spaces around a token list
))
\TPTL@width=\skip64
) (/home/camila/.TinyTeX/texmf-dist/tex/generic/ulem/ulem.sty
\UL@box=\box70
\UL@hyphenbox=\box71
\UL@skip=\skip65
\UL@hook=\toks33
\UL@height=\dimen194
\UL@pe=\count297
\UL@pixel=\dimen195
\ULC@box=\box72
Package: ulem 2019/11/18
\ULdepth=\dimen196
) (/home/camila/.TinyTeX/texmf-dist/tex/latex/makecell/makecell.sty
Package: makecell 2009/08/03 V0.1e Managing of Tab Column Heads and Cells
\rotheadsize=\dimen197
\c@nlinenum=\count298
\TeXr@lab=\toks34
) (/home/camila/.TinyTeX/texmf-dist/tex/latex/hyperref/hyperref.sty
Package: hyperref 2023-02-07 v7.00v Hypertext links for LaTeX
(/home/camila/.TinyTeX/texmf-dist/tex/generic/ltxcmds/ltxcmds.sty
Package: ltxcmds 2020-05-10 v1.25 LaTeX kernel commands for general use (HO)
) (/home/camila/.TinyTeX/texmf-dist/tex/generic/pdftexcmds/pdftexcmds.sty
Package: pdftexcmds 2020-06-27 v0.33 Utility functions of pdfTeX for LuaTeX (HO)
(/home/camila/.TinyTeX/texmf-dist/tex/generic/infwarerr/infwarerr.sty
Package: infwarerr 2019/12/03 v1.5 Providing info/warning/error messages (HO)
)
Package pdftexcmds Info: \pdf@primitive is available.
Package pdftexcmds Info: \pdf@ifprimitive is available.
Package pdftexcmds Info: \pdfdraftmode found.
) (/home/camila/.TinyTeX/texmf-dist/tex/latex/kvsetkeys/kvsetkeys.sty
Package: kvsetkeys 2022-10-05 v1.19 Key value parser (HO)
) (/home/camila/.TinyTeX/texmf-dist/tex/generic/kvdefinekeys/kvdefinekeys.sty
Package: kvdefinekeys 2019-12-19 v1.6 Define keys (HO)
) (/home/camila/.TinyTeX/texmf-dist/tex/generic/pdfescape/pdfescape.sty
Package: pdfescape 2019/12/09 v1.15 Implements pdfTeX's escape features (HO)
) (/home/camila/.TinyTeX/texmf-dist/tex/latex/hycolor/hycolor.sty
Package: hycolor 2020-01-27 v1.10 Color options for hyperref/bookmark (HO)
) (/home/camila/.TinyTeX/texmf-dist/tex/latex/letltxmacro/letltxmacro.sty
Package: letltxmacro 2019/12/03 v1.6 Let assignment for LaTeX macros (HO)
) (/home/camila/.TinyTeX/texmf-dist/tex/latex/auxhook/auxhook.sty
Package: auxhook 2019-12-17 v1.6 Hooks for auxiliary files (HO)
) (/home/camila/.TinyTeX/texmf-dist/tex/latex/hyperref/nameref.sty
Package: nameref 2022-05-17 v2.50 Cross-referencing by name of section
(/home/camila/.TinyTeX/texmf-dist/tex/latex/refcount/refcount.sty
Package: refcount 2019/12/15 v3.6 Data extraction from label references (HO)
) (/home/camila/.TinyTeX/texmf-dist/tex/generic/gettitlestring/gettitlestring.sty
Package: gettitlestring 2019/12/15 v1.6 Cleanup title references (HO)
(/home/camila/.TinyTeX/texmf-dist/tex/latex/kvoptions/kvoptions.sty
Package: kvoptions 2022-06-15 v3.15 Key value format for package options (HO)
))
\c@section@level=\count299
)
\@linkdim=\dimen198
\Hy@linkcounter=\count300
\Hy@pagecounter=\count301
(/home/camila/.TinyTeX/texmf-dist/tex/latex/hyperref/pd1enc.def
File: pd1enc.def 2023-02-07 v7.00v Hyperref: PDFDocEncoding definition (HO)
Now handling font encoding PD1 ...
... no UTF-8 mapping file for font encoding PD1
) (/home/camila/.TinyTeX/texmf-dist/tex/generic/intcalc/intcalc.sty
Package: intcalc 2019/12/15 v1.3 Expandable calculations with integers (HO)
) (/home/camila/.TinyTeX/texmf-dist/tex/generic/etexcmds/etexcmds.sty
Package: etexcmds 2019/12/15 v1.7 Avoid name clashes with e-TeX commands (HO)
)
\Hy@SavedSpaceFactor=\count302
(/home/camila/.TinyTeX/texmf-dist/tex/latex/hyperref/puenc.def
File: puenc.def 2023-02-07 v7.00v Hyperref: PDF Unicode definition (HO)
Now handling font encoding PU ...
... no UTF-8 mapping file for font encoding PU
)
Package hyperref Info: Option `unicode' set `true' on input line 4060.
Package hyperref Info: Hyper figures OFF on input line 4177.
Package hyperref Info: Link nesting OFF on input line 4182.
Package hyperref Info: Hyper index ON on input line 4185.
Package hyperref Info: Plain pages OFF on input line 4192.
Package hyperref Info: Backreferencing OFF on input line 4197.
Package hyperref Info: Implicit mode ON; LaTeX internals redefined.
Package hyperref Info: Bookmarks ON on input line 4425.
\c@Hy@tempcnt=\count303
(/home/camila/.TinyTeX/texmf-dist/tex/latex/url/url.sty
\Urlmuskip=\muskip17
Package: url 2013/09/16  ver 3.4  Verb mode for urls, etc.
)
LaTeX Info: Redefining \url on input line 4763.
\XeTeXLinkMargin=\dimen199
(/home/camila/.TinyTeX/texmf-dist/tex/generic/bitset/bitset.sty
Package: bitset 2019/12/09 v1.3 Handle bit-vector datatype (HO)
(/home/camila/.TinyTeX/texmf-dist/tex/generic/bigintcalc/bigintcalc.sty
Package: bigintcalc 2019/12/15 v1.5 Expandable calculations on big integers (HO)
))
\Fld@menulength=\count304
\Field@Width=\dimen256
\Fld@charsize=\dimen257
Package hyperref Info: Hyper figures OFF on input line 6042.
Package hyperref Info: Link nesting OFF on input line 6047.
Package hyperref Info: Hyper index ON on input line 6050.
Package hyperref Info: backreferencing OFF on input line 6057.
Package hyperref Info: Link coloring OFF on input line 6062.
Package hyperref Info: Link coloring with OCG OFF on input line 6067.
Package hyperref Info: PDF/A mode OFF on input line 6072.
(/home/camila/.TinyTeX/texmf-dist/tex/latex/base/atbegshi-ltx.sty
Package: atbegshi-ltx 2021/01/10 v1.0c Emulation of the original atbegshi
package with kernel methods
)
\Hy@abspage=\count305
\c@Item=\count306
\c@Hfootnote=\count307
)
Package hyperref Info: Driver (autodetected): hpdftex.
(/home/camila/.TinyTeX/texmf-dist/tex/latex/hyperref/hpdftex.def
File: hpdftex.def 2023-02-07 v7.00v Hyperref driver for pdfTeX
(/home/camila/.TinyTeX/texmf-dist/tex/latex/base/atveryend-ltx.sty
Package: atveryend-ltx 2020/08/19 v1.0a Emulation of the original atveryend package
with kernel methods
)
\Fld@listcount=\count308
\c@bookmark@seq@number=\count309
(/home/camila/.TinyTeX/texmf-dist/tex/latex/rerunfilecheck/rerunfilecheck.sty
Package: rerunfilecheck 2022-07-10 v1.10 Rerun checks for auxiliary files (HO)
(/home/camila/.TinyTeX/texmf-dist/tex/generic/uniquecounter/uniquecounter.sty
Package: uniquecounter 2019/12/15 v1.4 Provide unlimited unique counter (HO)
)
Package uniquecounter Info: New unique counter `rerunfilecheck' on input line 285.
)
\Hy@SectionHShift=\skip66
) (/home/camila/.TinyTeX/texmf-dist/tex/latex/l3backend/l3backend-pdftex.def
File: l3backend-pdftex.def 2023-01-16 L3 backend support: PDF output (pdfTeX)
\l__color_backend_stack_int=\count310
\l__pdf_internal_box=\box73
) (./01_Exploracion.aux)
\openout1 = `01_Exploracion.aux'.

LaTeX Font Info:    Checking defaults for OML/cmm/m/it on input line 125.
LaTeX Font Info:    ... okay on input line 125.
LaTeX Font Info:    Checking defaults for OMS/cmsy/m/n on input line 125.
LaTeX Font Info:    ... okay on input line 125.
LaTeX Font Info:    Checking defaults for OT1/cmr/m/n on input line 125.
LaTeX Font Info:    ... okay on input line 125.
LaTeX Font Info:    Checking defaults for T1/cmr/m/n on input line 125.
LaTeX Font Info:    ... okay on input line 125.
LaTeX Font Info:    Checking defaults for TS1/cmr/m/n on input line 125.
LaTeX Font Info:    ... okay on input line 125.
LaTeX Font Info:    Checking defaults for OMX/cmex/m/n on input line 125.
LaTeX Font Info:    ... okay on input line 125.
LaTeX Font Info:    Checking defaults for U/cmr/m/n on input line 125.
LaTeX Font Info:    ... okay on input line 125.
LaTeX Font Info:    Checking defaults for PD1/pdf/m/n on input line 125.
LaTeX Font Info:    ... okay on input line 125.
LaTeX Font Info:    Checking defaults for PU/pdf/m/n on input line 125.
LaTeX Font Info:    ... okay on input line 125.
(/home/camila/.TinyTeX/texmf-dist/tex/latex/epstopdf-pkg/epstopdf-base.sty
Package: epstopdf-base 2020-01-24 v2.11 Base part for package epstopdf
Package epstopdf-base Info: Redefining graphics rule for `.eps' on input line 485.
(/home/camila/.TinyTeX/texmf-dist/tex/latex/latexconfig/epstopdf-sys.cfg
File: epstopdf-sys.cfg 2010/07/13 v1.3 Configuration of (r)epstopdf for TeX Live
))
*geometry* driver: auto-detecting
*geometry* detected driver: pdftex
*geometry* verbose mode - [ preamble ] result:
* driver: pdftex
* paper: <default>
* layout: <same size as paper>
* layoutoffset:(h,v)=(0.0pt,0.0pt)
* modes: 
* h-part:(L,W,R)=(72.26999pt, 469.75502pt, 72.26999pt)
* v-part:(T,H,B)=(72.26999pt, 650.43001pt, 72.26999pt)
* \paperwidth=614.295pt
* \paperheight=794.96999pt
* \textwidth=469.75502pt
* \textheight=650.43001pt
* \oddsidemargin=0.0pt
* \evensidemargin=0.0pt
* \topmargin=-37.0pt
* \headheight=12.0pt
* \headsep=25.0pt
* \topskip=10.0pt
* \footskip=30.0pt
* \marginparwidth=65.0pt
* \marginparsep=11.0pt
* \columnsep=10.0pt
* \skip\footins=9.0pt plus 4.0pt minus 2.0pt
* \hoffset=0.0pt
* \voffset=0.0pt
* \mag=1000
* \@twocolumnfalse
* \@twosidefalse
* \@mparswitchfalse
* \@reversemarginfalse
* (1in=72.27pt=25.4mm, 1cm=28.453pt)

Package hyperref Info: Link coloring OFF on input line 125.
(./01_Exploracion.out) (./01_Exploracion.out)
\@outlinefile=\write4
\openout4 = `01_Exploracion.out'.

LaTeX Font Info:    Trying to load font information for OT1+lmr on input line 127.
(/home/camila/.TinyTeX/texmf-dist/tex/latex/lm/ot1lmr.fd
File: ot1lmr.fd 2015/05/01 v1.6.1 Font defs for Latin Modern
)
LaTeX Font Info:    Trying to load font information for OML+lmm on input line 127.
(/home/camila/.TinyTeX/texmf-dist/tex/latex/lm/omllmm.fd
File: omllmm.fd 2015/05/01 v1.6.1 Font defs for Latin Modern
)
LaTeX Font Info:    Trying to load font information for OMS+lmsy on input line 127.
(/home/camila/.TinyTeX/texmf-dist/tex/latex/lm/omslmsy.fd
File: omslmsy.fd 2015/05/01 v1.6.1 Font defs for Latin Modern
)
LaTeX Font Info:    Trying to load font information for OMX+lmex on input line 127.
(/home/camila/.TinyTeX/texmf-dist/tex/latex/lm/omxlmex.fd
File: omxlmex.fd 2015/05/01 v1.6.1 Font defs for Latin Modern
)
LaTeX Font Info:    External font `lmex10' loaded for size
(Font)              <12> on input line 127.
LaTeX Font Info:    External font `lmex10' loaded for size
(Font)              <8> on input line 127.
LaTeX Font Info:    External font `lmex10' loaded for size
(Font)              <6> on input line 127.
LaTeX Font Info:    Trying to load font information for U+msa on input line 127.
(/home/camila/.TinyTeX/texmf-dist/tex/latex/amsfonts/umsa.fd
File: umsa.fd 2013/01/14 v3.01 AMS symbols A
)
LaTeX Font Info:    Trying to load font information for U+msb on input line 127.
(/home/camila/.TinyTeX/texmf-dist/tex/latex/amsfonts/umsb.fd
File: umsb.fd 2013/01/14 v3.01 AMS symbols B
)
LaTeX Font Info:    External font `lmex10' loaded for size
(Font)              <10> on input line 142.
LaTeX Font Info:    External font `lmex10' loaded for size
(Font)              <7> on input line 142.
LaTeX Font Info:    External font `lmex10' loaded for size
(Font)              <5> on input line 142.

Overfull \hbox (102.27336pt too wide) in paragraph at lines 141--145
\T1/lmr/m/n/10 Los datos fueron en-tre-ga-dos en una car-peta de drive ([]$https : / / drive . google . com / drive / folders / 1x0106TYUr54gfqE6uod3g5qN8DmA _
 []

LaTeX Font Info:    Trying to load font information for T1+lmtt on input line 150.
(/home/camila/.TinyTeX/texmf-dist/tex/latex/lm/t1lmtt.fd
File: t1lmtt.fd 2015/05/01 v1.6.1 Font defs for Latin Modern
)
LaTeX Font Info:    Trying to load font information for TS1+lmtt on input line 152.
(/home/camila/.TinyTeX/texmf-dist/tex/latex/lm/ts1lmtt.fd
File: ts1lmtt.fd 2015/05/01 v1.6.1 Font defs for Latin Modern
) [1

{/home/camila/.TinyTeX/texmf-var/fonts/map/pdftex/updmap/pdftex.map}] [2] [3] [4] [5] [6] [7] [8]
LaTeX Font Info:    Trying to load font information for TS1+lmr on input line 689.
(/home/camila/.TinyTeX/texmf-dist/tex/latex/lm/ts1lmr.fd
File: ts1lmr.fd 2015/05/01 v1.6.1 Font defs for Latin Modern
) [9] [10] [11] [12] [13] [14]

LaTeX Warning: Command \texttimes invalid in math mode on input line 1091.


LaTeX Warning: Command \texttimes invalid in math mode on input line 1091.


LaTeX Warning: Command \texttimes invalid in math mode on input line 1091.


LaTeX Warning: Command \texttimes invalid in math mode on input line 1091.

[15] [16] [17]
<01_Exploracion_files/figure-latex/plorAlphaDiversity-1.pdf, id=202, 469.755pt x 325.215pt>
File: 01_Exploracion_files/figure-latex/plorAlphaDiversity-1.pdf Graphic file (type pdf)
<use 01_Exploracion_files/figure-latex/plorAlphaDiversity-1.pdf>
Package pdftex.def Info: 01_Exploracion_files/figure-latex/plorAlphaDiversity-1.pdf  used on input line 1252.
(pdftex.def)             Requested size: 469.75386pt x 325.2142pt.

Underfull \hbox (badness 10000) in paragraph at lines 1252--1254
[][]
 []

<01_Exploracion_files/figure-latex/plorAlphaDiversitySanoVSnoSano-1.pdf, id=203, 469.755pt x 325.215pt>
File: 01_Exploracion_files/figure-latex/plorAlphaDiversitySanoVSnoSano-1.pdf Graphic file (type pdf)
<use 01_Exploracion_files/figure-latex/plorAlphaDiversitySanoVSnoSano-1.pdf>
Package pdftex.def Info: 01_Exploracion_files/figure-latex/plorAlphaDiversitySanoVSnoSano-1.pdf  used on input line 1266.
(pdftex.def)             Requested size: 469.75386pt x 325.2142pt.

Underfull \hbox (badness 10000) in paragraph at lines 1266--1268
[][]
 []

[18 <./01_Exploracion_files/figure-latex/plorAlphaDiversity-1.pdf>]
<01_Exploracion_files/figure-latex/plorAlphaDiversitySanoVSnoSanoFIL-1.pdf, id=217, 469.755pt x 325.215pt>
File: 01_Exploracion_files/figure-latex/plorAlphaDiversitySanoVSnoSanoFIL-1.pdf Graphic file (type pdf)
<use 01_Exploracion_files/figure-latex/plorAlphaDiversitySanoVSnoSanoFIL-1.pdf>
Package pdftex.def Info: 01_Exploracion_files/figure-latex/plorAlphaDiversitySanoVSnoSanoFIL-1.pdf  used on input line 1277.
(pdftex.def)             Requested size: 469.75386pt x 325.2142pt.
[19 <./01_Exploracion_files/figure-latex/plorAlphaDiversitySanoVSnoSano-1.pdf>]
LaTeX Font Info:    Font shape `T1/lmtt/bx/n' in size <10> not available
(Font)              Font shape `T1/lmtt/b/n' tried instead on input line 1290.
[20 <./01_Exploracion_files/figure-latex/plorAlphaDiversitySanoVSnoSanoFIL-1.pdf>] [21] [22] [23] [24] [25] [26]
<01_Exploracion_files/figure-latex/betadiversity-1.pdf, id=279, 469.755pt x 325.215pt>
File: 01_Exploracion_files/figure-latex/betadiversity-1.pdf Graphic file (type pdf)
<use 01_Exploracion_files/figure-latex/betadiversity-1.pdf>
Package pdftex.def Info: 01_Exploracion_files/figure-latex/betadiversity-1.pdf  used on input line 1752.
(pdftex.def)             Requested size: 469.75386pt x 325.2142pt.
[27]
<01_Exploracion_files/figure-latex/betadiversity_fil-1.pdf, id=284, 469.755pt x 325.215pt>
File: 01_Exploracion_files/figure-latex/betadiversity_fil-1.pdf Graphic file (type pdf)
<use 01_Exploracion_files/figure-latex/betadiversity_fil-1.pdf>
Package pdftex.def Info: 01_Exploracion_files/figure-latex/betadiversity_fil-1.pdf  used on input line 1763.
(pdftex.def)             Requested size: 469.75386pt x 325.2142pt.
[28 <./01_Exploracion_files/figure-latex/betadiversity-1.pdf>] [29 <./01_Exploracion_files/figure-latex/betadiversity_fil-1.pdf>]
<01_Exploracion_files/figure-latex/euclidean-1.pdf, id=305, 469.755pt x 325.215pt>
File: 01_Exploracion_files/figure-latex/euclidean-1.pdf Graphic file (type pdf)
<use 01_Exploracion_files/figure-latex/euclidean-1.pdf>
Package pdftex.def Info: 01_Exploracion_files/figure-latex/euclidean-1.pdf  used on input line 1828.
(pdftex.def)             Requested size: 469.75386pt x 325.2142pt.
[30 <./01_Exploracion_files/figure-latex/euclidean-1.pdf>]
<01_Exploracion_files/figure-latex/jaccard-1.pdf, id=316, 469.755pt x 325.215pt>
File: 01_Exploracion_files/figure-latex/jaccard-1.pdf Graphic file (type pdf)
<use 01_Exploracion_files/figure-latex/jaccard-1.pdf>
Package pdftex.def Info: 01_Exploracion_files/figure-latex/jaccard-1.pdf  used on input line 1882.
(pdftex.def)             Requested size: 469.75386pt x 325.2142pt.
[31] [32 <./01_Exploracion_files/figure-latex/jaccard-1.pdf>]
<01_Exploracion_files/figure-latex/manhattan-1.pdf, id=332, 469.755pt x 325.215pt>
File: 01_Exploracion_files/figure-latex/manhattan-1.pdf Graphic file (type pdf)
<use 01_Exploracion_files/figure-latex/manhattan-1.pdf>
Package pdftex.def Info: 01_Exploracion_files/figure-latex/manhattan-1.pdf  used on input line 1940.
(pdftex.def)             Requested size: 469.75386pt x 325.2142pt.
[33 <./01_Exploracion_files/figure-latex/manhattan-1.pdf>] [34]
<01_Exploracion_files/figure-latex/jsd-1.pdf, id=347, 469.755pt x 325.215pt>
File: 01_Exploracion_files/figure-latex/jsd-1.pdf Graphic file (type pdf)
<use 01_Exploracion_files/figure-latex/jsd-1.pdf>
Package pdftex.def Info: 01_Exploracion_files/figure-latex/jsd-1.pdf  used on input line 2034.
(pdftex.def)             Requested size: 469.75386pt x 325.2142pt.
[35 <./01_Exploracion_files/figure-latex/jsd-1.pdf>]
<01_Exploracion_files/figure-latex/unnamed-chunk-1-1.pdf, id=358, 469.755pt x 325.215pt>
File: 01_Exploracion_files/figure-latex/unnamed-chunk-1-1.pdf Graphic file (type pdf)
<use 01_Exploracion_files/figure-latex/unnamed-chunk-1-1.pdf>
Package pdftex.def Info: 01_Exploracion_files/figure-latex/unnamed-chunk-1-1.pdf  used on input line 2052.
(pdftex.def)             Requested size: 469.75386pt x 325.2142pt.
<01_Exploracion_files/figure-latex/unnamed-chunk-2-1.pdf, id=359, 469.755pt x 325.215pt>
File: 01_Exploracion_files/figure-latex/unnamed-chunk-2-1.pdf Graphic file (type pdf)
<use 01_Exploracion_files/figure-latex/unnamed-chunk-2-1.pdf>
Package pdftex.def Info: 01_Exploracion_files/figure-latex/unnamed-chunk-2-1.pdf  used on input line 2062.
(pdftex.def)             Requested size: 469.75386pt x 325.2142pt.
[36 <./01_Exploracion_files/figure-latex/unnamed-chunk-1-1.pdf>]
Underfull \hbox (badness 1342) in paragraph at lines 2076--2078
[]\T1/lmr/m/n/10 Hay dos fun-ciones en el pa-quete phy-loseq para trazar la red del mi-cro-bioma us-ando ``gg-plot2'':
 []

<01_Exploracion_files/figure-latex/plot_network-1.pdf, id=369, 469.755pt x 325.215pt>
File: 01_Exploracion_files/figure-latex/plot_network-1.pdf Graphic file (type pdf)
<use 01_Exploracion_files/figure-latex/plot_network-1.pdf>
Package pdftex.def Info: 01_Exploracion_files/figure-latex/plot_network-1.pdf  used on input line 2100.
(pdftex.def)             Requested size: 469.75386pt x 325.2142pt.
[37 <./01_Exploracion_files/figure-latex/unnamed-chunk-2-1.pdf>]
<01_Exploracion_files/figure-latex/plot_net-1.pdf, id=381, 469.755pt x 325.215pt>
File: 01_Exploracion_files/figure-latex/plot_net-1.pdf Graphic file (type pdf)
<use 01_Exploracion_files/figure-latex/plot_net-1.pdf>
Package pdftex.def Info: 01_Exploracion_files/figure-latex/plot_net-1.pdf  used on input line 2117.
(pdftex.def)             Requested size: 469.75386pt x 325.2142pt.
[38 <./01_Exploracion_files/figure-latex/plot_network-1.pdf>] [39 <./01_Exploracion_files/figure-latex/plot_net-1.pdf>] (./01_Exploracion.aux)
Package rerunfilecheck Info: File `01_Exploracion.out' has not changed.
(rerunfilecheck)             Checksum: 3D3D166B91EFFE21D6E2473DE607DDE0;4265.
 ) 
Here is how much of TeX's memory you used:
 13031 strings out of 477984
 208677 string characters out of 5839136
 1898388 words of memory out of 5000000
 32873 multiletter control sequences out of 15000+600000
 559611 words of font info for 77 fonts, out of 8000000 for 9000
 14 hyphenation exceptions out of 8191
 75i,7n,76p,510b,578s stack positions out of 10000i,1000n,20000p,200000b,200000s
{/home/camila/.TinyTeX/texmf-dist/fonts/enc/dvips/lm/lm-ec.enc}{/home/camila/.TinyTeX/texmf-dist/fonts/enc/dvips/lm/lm-rm.enc}{/home/camila/.TinyTeX/texmf-dist/fonts/enc/dvips/lm/lm-mathex.enc}{/home/camila/.TinyTeX/texmf-dist/fonts/enc/dvips/lm/lm-mathsy.enc}{/home/camila/.TinyTeX/texmf-dist/fonts/enc/dvips/lm/lm-mathit.enc}{/home/camila/.TinyTeX/texmf-dist/fonts/enc/dvips/lm/lm-ts1.enc}</home/camila/.TinyTeX/texmf-dist/fonts/type1/public/lm/lmbx10.pfb></home/camila/.TinyTeX/texmf-dist/fonts/type1/public/lm/lmbx12.pfb></home/camila/.TinyTeX/texmf-dist/fonts/type1/public/lm/lmex10.pfb></home/camila/.TinyTeX/texmf-dist/fonts/type1/public/lm/lmmi10.pfb></home/camila/.TinyTeX/texmf-dist/fonts/type1/public/lm/lmmi7.pfb></home/camila/.TinyTeX/texmf-dist/fonts/type1/public/lm/lmr10.pfb></home/camila/.TinyTeX/texmf-dist/fonts/type1/public/lm/lmr12.pfb></home/camila/.TinyTeX/texmf-dist/fonts/type1/public/lm/lmr17.pfb></home/camila/.TinyTeX/texmf-dist/fonts/type1/public/lm/lmr5.pfb></home/camila/.TinyTeX/texmf-dist/fonts/type1/public/lm/lmr7.pfb></home/camila/.TinyTeX/texmf-dist/fonts/type1/public/lm/lmsy10.pfb></home/camila/.TinyTeX/texmf-dist/fonts/type1/public/lm/lmtk10.pfb></home/camila/.TinyTeX/texmf-dist/fonts/type1/public/lm/lmtt10.pfb></home/camila/.TinyTeX/texmf-dist/fonts/type1/public/lm/lmtti10.pfb>
Output written on 01_Exploracion.pdf (39 pages, 2895086 bytes).
PDF statistics:
 723 PDF objects out of 1000 (max. 8388607)
 617 compressed objects within 7 object streams
 88 named destinations out of 1000 (max. 500000)
 258 words of extra memory for PDF output out of 10000 (max. 10000000)

